# JRE version: OpenJDK Runtime Environment (15.0+36) (build 15+36-1562)
# Java VM: OpenJDK 64-Bit Server VM (15+36-1562, mixed mode, sharing, tiered, compressed oops, g1 gc, windows-amd64)
GC Precious Log:
 CPUs: 12 total, 12 available
 Memory: 16332M
 Large Page Support: Disabled
 NUMA Support: Disabled
 Compressed Oops: Enabled (Zero based)
 Heap Region Size: 2M
 Heap Min Capacity: 8M
 Heap Initial Capacity: 256M
 Heap Max Capacity: 4084M
 Pre-touch: Disabled
 Parallel Workers: 10
 Concurrent Workers: 3
 Concurrent Refinement Workers: 10
 Periodic GC: Disabled
Heap:
 garbage-first heap   total 55296K, used 24923K [0x0000000700c00000, 0x0000000800000000)
  region size 2048K, 10 young (20480K), 3 survivors (6144K)
 Metaspace       used 22577K, capacity 22897K, committed 23036K, reserved 1069056K
  class space    used 2693K, capacity 2806K, committed 2816K, reserved 1048576K
GC Heap History (8 events):
Event: 1.330 GC heap before
{Heap before GC invocations=0 (full 0):
 garbage-first heap   total 262144K, used 20480K [0x0000000700c00000, 0x0000000800000000)
  region size 2048K, 11 young (22528K), 0 survivors (0K)
 Metaspace       used 3950K, capacity 5926K, committed 6016K, reserved 1056768K
  class space    used 389K, capacity 566K, committed 640K, reserved 1048576K
}
Event: 1.343 GC heap after
{Heap after GC invocations=1 (full 0):
 garbage-first heap   total 262144K, used 6746K [0x0000000700c00000, 0x0000000800000000)
  region size 2048K, 2 young (4096K), 2 survivors (4096K)
 Metaspace       used 3950K, capacity 5926K, committed 6016K, reserved 1056768K
  class space    used 389K, capacity 566K, committed 640K, reserved 1048576K
}
Event: 2.845 GC heap before
{Heap before GC invocations=1 (full 0):
 garbage-first heap   total 262144K, used 27226K [0x0000000700c00000, 0x0000000800000000)
  region size 2048K, 13 young (26624K), 2 survivors (4096K)
 Metaspace       used 10126K, capacity 10447K, committed 10496K, reserved 1058816K
  class space    used 1164K, capacity 1242K, committed 1280K, reserved 1048576K
}
Event: 2.852 GC heap after
{Heap after GC invocations=2 (full 0):
 garbage-first heap   total 262144K, used 8389K [0x0000000700c00000, 0x0000000800000000)
  region size 2048K, 1 young (2048K), 1 survivors (2048K)
 Metaspace       used 10126K, capacity 10447K, committed 10496K, reserved 1058816K
  class space    used 1164K, capacity 1242K, committed 1280K, reserved 1048576K
}
Event: 5.276 GC heap before
{Heap before GC invocations=2 (full 0):
 garbage-first heap   total 262144K, used 59589K [0x0000000700c00000, 0x0000000800000000)
  region size 2048K, 26 young (53248K), 1 survivors (2048K)
 Metaspace       used 19033K, capacity 19338K, committed 19456K, reserved 1067008K
  class space    used 2205K, capacity 2295K, committed 2304K, reserved 1048576K
}
Event: 5.282 GC heap after
{Heap after GC invocations=3 (full 0):
 garbage-first heap   total 262144K, used 11577K [0x0000000700c00000, 0x0000000800000000)
  region size 2048K, 3 young (6144K), 3 survivors (6144K)
 Metaspace       used 19033K, capacity 19338K, committed 19456K, reserved 1067008K
  class space    used 2205K, capacity 2295K, committed 2304K, reserved 1048576K
}
Event: 6.446 GC heap before
{Heap before GC invocations=3 (full 0):
 garbage-first heap   total 262144K, used 38201K [0x0000000700c00000, 0x0000000800000000)
  region size 2048K, 17 young (34816K), 3 survivors (6144K)
 Metaspace       used 20891K, capacity 21202K, committed 21248K, reserved 1069056K
  class space    used 2448K, capacity 2543K, committed 2560K, reserved 1048576K
}
Event: 6.451 GC heap after
{Heap after GC invocations=4 (full 0):
 garbage-first heap   total 262144K, used 12635K [0x0000000700c00000, 0x0000000800000000)
  region size 2048K, 3 young (6144K), 3 survivors (6144K)
 Metaspace       used 20891K, capacity 21202K, committed 21248K, reserved 1069056K
  class space    used 2448K, capacity 2543K, committed 2560K, reserved 1048576K
}

